d:\projectpractice\udds_vs2017_trial\快速开发资源\demotool\pubsub_vs2017\build\vs2017pubx64debug\vc141.pdb
d:\projectpractice\udds_vs2017_trial\快速开发资源\demotool\pubsub_vs2017\build\vs2017pubx64debug\vc141.idb
d:\projectpractice\udds_vs2017_trial\快速开发资源\demotool\pubsub_vs2017\build\vs2017pubx64debug\md5.obj
d:\projectpractice\udds_vs2017_trial\ddd\demotool\pubsub_vs2017\build\vs2017pubx64debug\vc141.pdb
d:\projectpractice\udds_vs2017_trial\ddd\demotool\pubsub_vs2017\build\vs2017pubx64debug\vc141.idb
d:\projectpractice\udds_vs2017_trial\ddd\demotool\pubsub_vs2017\build\vs2017pubx64debug\pub.obj
d:\projectpractice\udds_vs2017_trial\ddd\demotool\pubsub_vs2017\build\vs2017pubx64debug\md5.obj
d:\projectpractice\udds_vs2017_trial\ddd\demotool\pubsub_vs2017\build\vs2017pubx64debug\idl_userdatatype.obj
d:\projectpractice\udds_vs2017_trial\ddd\demotool\pubsub_vs2017\build\vs2017pubx64debug\idl_datawriter.obj
d:\projectpractice\udds_vs2017_trial\ddd\demotool\pubsub_vs2017\build\vs2017pubx64debug\idl_datareader.obj
d:\projectpractice\udds_vs2017_trial\ddd\demotool\pubsub_vs2017\bin\vs2017x64debug\pub.ilk
d:\projectpractice\udds_vs2017_trial\ddd\demotool\pubsub_vs2017\bin\vs2017x64debug\pub.exe
d:\projectpractice\udds_vs2017_trial\ddd\demotool\pubsub_vs2017\bin\vs2017x64debug\pub.pdb
d:\projectpractice\udds_vs2017_trial\ddd\demotool\pubsub_vs2017\pub\../bin/vs2017x64debug\pub.exe
d:\projectpractice\udds_vs2017_trial\ddd\demotool\pubsub_vs2017\build\vs2017pubx64debug\pub.tlog\cl.command.1.tlog
d:\projectpractice\udds_vs2017_trial\ddd\demotool\pubsub_vs2017\build\vs2017pubx64debug\pub.tlog\cl.read.1.tlog
d:\projectpractice\udds_vs2017_trial\ddd\demotool\pubsub_vs2017\build\vs2017pubx64debug\pub.tlog\cl.write.1.tlog
d:\projectpractice\udds_vs2017_trial\ddd\demotool\pubsub_vs2017\build\vs2017pubx64debug\pub.tlog\link.command.1.tlog
d:\projectpractice\udds_vs2017_trial\ddd\demotool\pubsub_vs2017\build\vs2017pubx64debug\pub.tlog\link.read.1.tlog
d:\projectpractice\udds_vs2017_trial\ddd\demotool\pubsub_vs2017\build\vs2017pubx64debug\pub.tlog\link.write.1.tlog
